

Microchip MPLAB XC8 Assembler V2.05 build -831301201 
                                                                                               Sun Mar 17 23:35:23 2019

Microchip MPLAB XC8 C Compiler v2.05 (Free license) build 20181220022703 Og1 
     1                           	processor	18F25K50
     2                           	fnconf	rparam,??,?,0
     3                           	opt	pw 120
     4                           	opt	flic
     5                           	psect	cinit,global,reloc=2,class=CODE,delta=1
     6                           	psect	bssCOMRAM,global,class=COMRAM,space=1,delta=1,noexec
     7                           	psect	cstackCOMRAM,global,class=COMRAM,space=1,delta=1,noexec
     8                           	psect	text0,global,reloc=2,class=CODE,delta=1
     9                           	psect	text1,global,reloc=2,class=CODE,delta=1
    10                           	psect	text2,global,reloc=2,class=CODE,delta=1
    11                           	psect	text3,global,reloc=2,class=CODE,delta=1
    12                           	psect	text4,global,reloc=2,class=CODE,delta=1
    13                           	psect	intcodelo,global,reloc=2,class=CODE,delta=1
    14                           	psect	text6,global,reloc=2,class=CODE,delta=1
    15                           	psect	intcode,global,reloc=2,class=CODE,delta=1
    16                           	psect	intcode_body,global,reloc=2,class=CODE,delta=1
    17                           	psect	text8,global,reloc=2,class=CODE,delta=1
    18                           	psect	text9,global,reloc=2,class=CODE,delta=1
    19                           	psect	intsave_regs,global,class=BIGRAM,space=1,delta=1,noexec
    20                           	psect	rparam,global,class=COMRAM,space=1,delta=1,noexec
    21                           	psect	temp,global,ovrld,common,class=COMRAM,space=1,delta=1
    22  0000                     
    23                           ; Version 2.05
    24                           ; Generated 20/12/2018 GMT
    25                           ; 
    26                           ; Copyright © 2018, Microchip Technology Inc. and its subsidiaries ("Microchip")
    27                           ; All rights reserved.
    28                           ; 
    29                           ; This software is developed by Microchip Technology Inc. and its subsidiaries ("Microch
      +                          ip").
    30                           ; 
    31                           ; Redistribution and use in source and binary forms, with or without modification, are
    32                           ; permitted provided that the following conditions are met:
    33                           ; 
    34                           ;     1. Redistributions of source code must retain the above copyright notice, this lis
      +                          t of
    35                           ;        conditions and the following disclaimer.
    36                           ; 
    37                           ;     2. Redistributions in binary form must reproduce the above copyright notice, this 
      +                          list
    38                           ;        of conditions and the following disclaimer in the documentation and/or other
    39                           ;        materials provided with the distribution.
    40                           ; 
    41                           ;     3. Microchip's name may not be used to endorse or promote products derived from th
      +                          is
    42                           ;        software without specific prior written permission.
    43                           ; 
    44                           ; THIS SOFTWARE IS PROVIDED BY MICROCHIP "AS IS" AND ANY EXPRESS OR IMPLIED WARRANTIES,
    45                           ; INCLUDING, BUT NOT LIMITED TO, THE IMPLIED WARRANTIES OF MERCHANTABILITY AND FITNESS F
      +                          OR
    46                           ; PURPOSE ARE DISCLAIMED.  IN NO EVENT SHALL MICROCHIP BE LIABLE FOR ANY DIRECT, INDIREC
      +                          T,
    47                           ; INCIDENTAL, SPECIAL, EXEMPLARY, OR CONSEQUENTIAL DAMAGES (INCLUDING BUT NOT LIMITED TO
    48                           ; PROCUREMENT OF SUBSTITUTE GOODS OR SERVICES; LOSS OF USE, DATA OR PROFITS; OR BUSINESS
    49                           ; INTERRUPTION) HOWSOEVER CAUSED AND ON ANY THEORY OF LIABILITY, WHETHER IN CONTRACT, ST
      +                          RICT
    50                           ; LIABILITY, OR TORT (INCLUDING NEGLIGENCE OR OTHERWISE) ARISING IN ANY WAY OUT OF THE U
      +                          SE OF
    51                           ; THIS SOFTWARE, EVEN IF ADVISED OF THE POSSIBILITY OF SUCH DAMAGE.
    52                           ; 
    53                           ; 
    54                           ; Code-generator required, PIC18F25K50 Definitions
    55                           ; 
    56                           ; SFR Addresses
    57  0000                     _ANSELBbits	set	3932
    58  0000                     _ANSELCbits	set	3933
    59  0000                     _ANSELAbits	set	3931
    60  0000                     _SSP1CON1	set	4038
    61  0000                     _SSP1STAT	set	4039
    62  0000                     _SSP1CON3	set	4043
    63  0000                     _SSP1ADD	set	4040
    64  0000                     _PIR2bits	set	4001
    65  0000                     _PIE2bits	set	4000
    66  0000                     _IPR2bits	set	4002
    67  0000                     _TRISBbits	set	3987
    68  0000                     _SPBRG1	set	4015
    69  0000                     _BAUDCON1	set	4024
    70  0000                     _RCSTA1	set	4011
    71  0000                     _TXSTA1	set	4012
    72  0000                     _PMD0bits	set	3966
    73  0000                     _TRISCbits	set	3988
    74  0000                     _ADRESL	set	4035
    75  0000                     _ADRESH	set	4036
    76  0000                     _ADCON0bits	set	4034
    77  0000                     _ADCON0	set	4034
    78  0000                     _ADCON2	set	4032
    79  0000                     _ADCON1	set	4033
    80  0000                     _IPR1bits	set	3999
    81  0000                     _PMD1bits	set	3967
    82  0000                     _TRISAbits	set	3986
    83  0000                     _RCONbits	set	4048
    84  0000                     _OSCCON2bits	set	4050
    85  0000                     _OSCCONbits	set	4051
    86  0000                     _OSCTUNE	set	3995
    87  0000                     _OSCCON2	set	4050
    88  0000                     _OSCCON	set	4051
    89  0000                     _INTCONbits	set	4082
    90  0000                     _SSPCON2bits	set	4037
    91  0000                     _SSPBUF	set	4041
    92  0000                     _SSP1CON2	set	4037
    93  0000                     _SSP1STATbits	set	4039
    94  0000                     _SSPCON1bits	set	4038
    95  0000                     _SSP1CON2bits	set	4037
    96  0000                     _SSPSTATbits	set	4039
    97  0000                     _RCREG1	set	4014
    98  0000                     _RCSTA1bits	set	4011
    99  0000                     _TXREG1	set	4013
   100  0000                     _TXSTA1bits	set	4012
   101  0000                     _PIR1bits	set	3998
   102  0000                     _PIE1bits	set	3997
   103                           
   104                           ; #config settings
   105  0000                     
   106                           	psect	cinit
   107  0002A6                     __pcinit:
   108                           	opt callstack 0
   109  0002A6                     start_initialization:
   110                           	opt callstack 0
   111  0002A6                     __initialization:
   112                           	opt callstack 0
   113                           
   114                           ; Clear objects allocated to COMRAM (51 bytes)
   115  0002A6  EE00  F001         	lfsr	0,__pbssCOMRAM
   116  0002AA  0E33               	movlw	51
   117  0002AC                     clear_0:
   118  0002AC  6AEE               	clrf	postinc0,c
   119  0002AE  06E8               	decf	wreg,f,c
   120  0002B0  E1FD               	bnz	clear_0
   121  0002B2                     end_of_initialization:
   122                           	opt callstack 0
   123  0002B2                     __end_of__initialization:
   124                           	opt callstack 0
   125  0002B2  904A               	bcf	int$flags,0,c	;clear compiler interrupt flag (level 1)
   126  0002B4  924A               	bcf	int$flags,1,c	;clear compiler interrupt flag (level 2)
   127  0002B6  0E00               	movlw	low (__Lmediumconst shr (0+16))
   128  0002B8  6EF8               	movwf	tblptru,c
   129  0002BA  0100               	movlb	0
   130  0002BC  EFF7  F000         	goto	_main	;jump to C main() function
   131                           
   132                           	psect	bssCOMRAM
   133  000001                     __pbssCOMRAM:
   134                           	opt callstack 0
   135  000001                     _rx_buffer:
   136                           	opt callstack 0
   137  000001                     	ds	32
   138  000021                     _I2C_tx_buffer:
   139                           	opt callstack 0
   140  000021                     	ds	5
   141  000026                     _I2C_rx_buffer:
   142                           	opt callstack 0
   143  000026                     	ds	5
   144  00002B                     _I2C_tx_counter:
   145                           	opt callstack 0
   146  00002B                     	ds	2
   147  00002D                     _I2C_rx_counter:
   148                           	opt callstack 0
   149  00002D                     	ds	2
   150  00002F                     _rx_counter:
   151                           	opt callstack 0
   152  00002F                     	ds	2
   153  000031                     _ADC_ready:
   154                           	opt callstack 0
   155  000031                     	ds	1
   156  000032                     _I2C_STATUS:
   157                           	opt callstack 0
   158  000032                     	ds	1
   159  000033                     _tx_byte:
   160                           	opt callstack 0
   161  000033                     	ds	1
   162                           
   163                           	psect	cstackCOMRAM
   164  000034                     __pcstackCOMRAM:
   165                           	opt callstack 0
   166  000034                     ??i2_Initialize_Baud_Rate:
   167  000034                     
   168                           ; 2 bytes @ 0x0
   169  000034                     	ds	2
   170  000036                     i2Initialize_Baud_Rate@baud_rate:
   171                           	opt callstack 0
   172                           
   173                           ; 1 bytes @ 0x2
   174  000036                     	ds	1
   175  000037                     i2USART_Init@baud_rate:
   176                           	opt callstack 0
   177                           
   178                           ; 2 bytes @ 0x3
   179  000037                     	ds	2
   180  000039                     ??_high_isr:
   181  000039                     
   182                           ; 1 bytes @ 0x5
   183  000039                     	ds	2
   184  00003B                     I2C_buffer_move_queue@i:
   185                           	opt callstack 0
   186                           
   187                           ; 2 bytes @ 0x7
   188  00003B                     	ds	2
   189  00003D                     ??_low_isr:
   190                           
   191                           ; 1 bytes @ 0x9
   192  00003D                     	ds	8
   193  000045                     ??_Initialize_Baud_Rate:
   194                           
   195                           ; 1 bytes @ 0x11
   196  000045                     	ds	2
   197  000047                     Initialize_Baud_Rate@baud_rate:
   198                           	opt callstack 0
   199                           
   200                           ; 1 bytes @ 0x13
   201  000047                     	ds	1
   202  000048                     USART_Init@baud_rate:
   203                           	opt callstack 0
   204                           
   205                           ; 2 bytes @ 0x14
   206  000048                     	ds	2
   207  00004A                     
   208                           ; 1 bytes @ 0x16
   209 ;;
   210 ;;Main: autosize = 0, tempsize = 0, incstack = 0, save=0
   211 ;;
   212 ;; *************** function _main *****************
   213 ;; Defined at:
   214 ;;		line 95 in file "main.c"
   215 ;; Parameters:    Size  Location     Type
   216 ;;		None
   217 ;; Auto vars:     Size  Location     Type
   218 ;;		None
   219 ;; Return value:  Size  Location     Type
   220 ;;                  1    wreg      void 
   221 ;; Registers used:
   222 ;;		wreg, status,2, status,0, cstack
   223 ;; Tracked objects:
   224 ;;		On entry : 0/0
   225 ;;		On exit  : 0/0
   226 ;;		Unchanged: 0/0
   227 ;; Data sizes:     COMRAM   BANK0   BANK1   BANK2   BANK3   BANK4   BANK5   BANK6   BANK7
   228 ;;      Params:         0       0       0       0       0       0       0       0       0
   229 ;;      Locals:         0       0       0       0       0       0       0       0       0
   230 ;;      Temps:          0       0       0       0       0       0       0       0       0
   231 ;;      Totals:         0       0       0       0       0       0       0       0       0
   232 ;;Total ram usage:        0 bytes
   233 ;; Hardware stack levels required when called:    7
   234 ;; This function calls:
   235 ;;		_I2C_Init
   236 ;;		_USART_Init
   237 ;;		_timer0_init
   238 ;; This function is called by:
   239 ;;		Startup code after reset
   240 ;; This function uses a non-reentrant model
   241 ;;
   242                           
   243                           	psect	text0
   244  0001EE                     __ptext0:
   245                           	opt callstack 0
   246  0001EE                     _main:
   247                           	opt callstack 24
   248                           
   249                           ;main.c: 96:     OSCCON = 0x70;
   250                           
   251                           ;incstack = 0
   252  0001EE  0E70               	movlw	112
   253  0001F0  6ED3               	movwf	4051,c	;volatile
   254                           
   255                           ;main.c: 97:     OSCCON2 = 0x94;
   256  0001F2  0E94               	movlw	148
   257  0001F4  6ED2               	movwf	4050,c	;volatile
   258                           
   259                           ;main.c: 98:     OSCTUNE = 0x80;
   260  0001F6  0E80               	movlw	128
   261  0001F8  6E9B               	movwf	3995,c	;volatile
   262  0001FA                     l124:
   263  0001FA  A4D3               	btfss	4051,2,c	;volatile
   264  0001FC  B2D2               	btfsc	4050,1,c	;volatile
   265  0001FE  D002               	goto	u520
   266  000200  AED2               	btfss	4050,7,c	;volatile
   267  000202  D7FB               	goto	l124
   268  000204                     u520:
   269                           
   270                           ;main.c: 101:     USART_Init(3);
   271  000204  0E00               	movlw	0
   272  000206  6E49               	movwf	USART_Init@baud_rate+1,c
   273  000208  0E03               	movlw	3
   274  00020A  6E48               	movwf	USART_Init@baud_rate,c
   275  00020C  EC27  F001         	call	_USART_Init	;wreg free
   276                           
   277                           ;main.c: 102:     I2C_Init();
   278  000210  EC10  F001         	call	_I2C_Init	;wreg free
   279                           
   280                           ;main.c: 103:     timer0_init();
   281  000214  EC60  F001         	call	_timer0_init	;wreg free
   282                           
   283                           ;main.c: 106:     RCONbits.IPEN = 1;
   284  000218  8ED0               	bsf	4048,7,c	;volatile
   285                           
   286                           ;main.c: 107:     INTCONbits.GIE = 1;
   287  00021A  8EF2               	bsf	4082,7,c	;volatile
   288                           
   289                           ;main.c: 108:     INTCONbits.PEIE = 1;
   290  00021C  8CF2               	bsf	4082,6,c	;volatile
   291  00021E                     l129:
   292                           
   293                           ;main.c: 113:     }
   294  00021E  D7FF               	goto	l129
   295  000220                     __end_of_main:
   296                           	opt callstack 0
   297                           
   298 ;; *************** function _timer0_init *****************
   299 ;; Defined at:
   300 ;;		line 119 in file "main.c"
   301 ;; Parameters:    Size  Location     Type
   302 ;;		None
   303 ;; Auto vars:     Size  Location     Type
   304 ;;		None
   305 ;; Return value:  Size  Location     Type
   306 ;;                  1    wreg      void 
   307 ;; Registers used:
   308 ;;		None
   309 ;; Tracked objects:
   310 ;;		On entry : 0/0
   311 ;;		On exit  : 0/0
   312 ;;		Unchanged: 0/0
   313 ;; Data sizes:     COMRAM   BANK0   BANK1   BANK2   BANK3   BANK4   BANK5   BANK6   BANK7
   314 ;;      Params:         0       0       0       0       0       0       0       0       0
   315 ;;      Locals:         0       0       0       0       0       0       0       0       0
   316 ;;      Temps:          0       0       0       0       0       0       0       0       0
   317 ;;      Totals:         0       0       0       0       0       0       0       0       0
   318 ;;Total ram usage:        0 bytes
   319 ;; Hardware stack levels used:    1
   320 ;; Hardware stack levels required when called:    5
   321 ;; This function calls:
   322 ;;		Nothing
   323 ;; This function is called by:
   324 ;;		_main
   325 ;; This function uses a non-reentrant model
   326 ;;
   327                           
   328                           	psect	text1
   329  0002C0                     __ptext1:
   330                           	opt callstack 0
   331  0002C0                     _timer0_init:
   332                           	opt callstack 25
   333                           
   334                           ;main.c: 121:     TRISAbits.RA0 = 0;
   335                           
   336                           ;incstack = 0
   337  0002C0  9092               	bcf	3986,0,c	;volatile
   338  0002C2  0012               	return		;funcret
   339  0002C4                     __end_of_timer0_init:
   340                           	opt callstack 0
   341                           
   342 ;; *************** function _USART_Init *****************
   343 ;; Defined at:
   344 ;;		line 5 in file "USART.c"
   345 ;; Parameters:    Size  Location     Type
   346 ;;  baud_rate       2   20[COMRAM] int 
   347 ;; Auto vars:     Size  Location     Type
   348 ;;		None
   349 ;; Return value:  Size  Location     Type
   350 ;;                  1    wreg      void 
   351 ;; Registers used:
   352 ;;		wreg, status,2, status,0, cstack
   353 ;; Tracked objects:
   354 ;;		On entry : 0/0
   355 ;;		On exit  : 0/0
   356 ;;		Unchanged: 0/0
   357 ;; Data sizes:     COMRAM   BANK0   BANK1   BANK2   BANK3   BANK4   BANK5   BANK6   BANK7
   358 ;;      Params:         2       0       0       0       0       0       0       0       0
   359 ;;      Locals:         0       0       0       0       0       0       0       0       0
   360 ;;      Temps:          0       0       0       0       0       0       0       0       0
   361 ;;      Totals:         2       0       0       0       0       0       0       0       0
   362 ;;Total ram usage:        2 bytes
   363 ;; Hardware stack levels used:    1
   364 ;; Hardware stack levels required when called:    6
   365 ;; This function calls:
   366 ;;		_Initialize_Baud_Rate
   367 ;; This function is called by:
   368 ;;		_main
   369 ;; This function uses a non-reentrant model
   370 ;;
   371                           
   372                           	psect	text2
   373  00024E                     __ptext2:
   374                           	opt callstack 0
   375  00024E                     _USART_Init:
   376                           	opt callstack 24
   377                           
   378                           ;USART.c: 7:     TRISCbits.RC6 = 1;
   379                           
   380                           ;incstack = 0
   381  00024E  8C94               	bsf	3988,6,c	;volatile
   382                           
   383                           ;USART.c: 8:     TRISCbits.RC7 = 1;
   384  000250  8E94               	bsf	3988,7,c	;volatile
   385                           
   386                           ;USART.c: 9:     ANSELCbits.ANSC6 = 0;
   387  000252  010F               	movlb	15	; () banked
   388  000254  9D5D               	bcf	93,6,b	;volatile
   389                           
   390                           ;USART.c: 10:     ANSELCbits.ANSC7 = 0;
   391  000256  9F5D               	bcf	93,7,b	;volatile
   392                           
   393                           ; BSR set to: 15
   394                           ;USART.c: 12:     rx_counter = 0;
   395  000258  0E00               	movlw	0
   396  00025A  6E30               	movwf	_rx_counter+1,c
   397  00025C  0E00               	movlw	0
   398  00025E  6E2F               	movwf	_rx_counter,c
   399                           
   400                           ; BSR set to: 15
   401                           ;USART.c: 14:     PMD0bits.UARTMD = 0;
   402  000260  9C7E               	bcf	3966,6,c	;volatile
   403                           
   404                           ;USART.c: 15:     TXSTA1 = 0x24;
   405  000262  0E24               	movlw	36
   406  000264  6EAC               	movwf	4012,c	;volatile
   407                           
   408                           ; BSR set to: 15
   409                           ;USART.c: 16:     Initialize_Baud_Rate(baud_rate);
   410  000266  5048               	movf	USART_Init@baud_rate,w,c
   411  000268  EC9B  F000         	call	_Initialize_Baud_Rate
   412                           
   413                           ;USART.c: 17:     RCSTA1 = 0x90;
   414  00026C  0E90               	movlw	144
   415  00026E  6EAB               	movwf	4011,c	;volatile
   416                           
   417                           ;USART.c: 20:     IPR1bits.TXIP = 1;
   418  000270  889F               	bsf	3999,4,c	;volatile
   419                           
   420                           ;USART.c: 21:     IPR1bits.RCIP = 1;
   421  000272  8A9F               	bsf	3999,5,c	;volatile
   422                           
   423                           ;USART.c: 22:     PIE1bits.RCIE = 1;
   424  000274  8A9D               	bsf	3997,5,c	;volatile
   425                           
   426                           ;USART.c: 23:     PIE1bits.TXIE = 0;
   427  000276  989D               	bcf	3997,4,c	;volatile
   428  000278  0012               	return		;funcret
   429  00027A                     __end_of_USART_Init:
   430                           	opt callstack 0
   431                           
   432 ;; *************** function _Initialize_Baud_Rate *****************
   433 ;; Defined at:
   434 ;;		line 27 in file "USART.c"
   435 ;; Parameters:    Size  Location     Type
   436 ;;  baud_rate       1    wreg     unsigned char 
   437 ;; Auto vars:     Size  Location     Type
   438 ;;  baud_rate       1   19[COMRAM] unsigned char 
   439 ;; Return value:  Size  Location     Type
   440 ;;                  2  159[None  ] int 
   441 ;; Registers used:
   442 ;;		wreg, status,2, status,0
   443 ;; Tracked objects:
   444 ;;		On entry : 0/0
   445 ;;		On exit  : 0/0
   446 ;;		Unchanged: 0/0
   447 ;; Data sizes:     COMRAM   BANK0   BANK1   BANK2   BANK3   BANK4   BANK5   BANK6   BANK7
   448 ;;      Params:         0       0       0       0       0       0       0       0       0
   449 ;;      Locals:         1       0       0       0       0       0       0       0       0
   450 ;;      Temps:          2       0       0       0       0       0       0       0       0
   451 ;;      Totals:         3       0       0       0       0       0       0       0       0
   452 ;;Total ram usage:        3 bytes
   453 ;; Hardware stack levels used:    1
   454 ;; Hardware stack levels required when called:    5
   455 ;; This function calls:
   456 ;;		Nothing
   457 ;; This function is called by:
   458 ;;		_USART_Init
   459 ;; This function uses a non-reentrant model
   460 ;;
   461                           
   462                           	psect	text3
   463  000136                     __ptext3:
   464                           	opt callstack 0
   465  000136                     _Initialize_Baud_Rate:
   466                           	opt callstack 24
   467                           
   468                           ;incstack = 0
   469                           ;Initialize_Baud_Rate@baud_rate stored from wreg
   470  000136  6E47               	movwf	Initialize_Baud_Rate@baud_rate,c
   471                           
   472                           ;USART.c: 29:     BAUDCON1 = 0x00;
   473  000138  0E00               	movlw	0
   474  00013A  6EB8               	movwf	4024,c	;volatile
   475                           
   476                           ;USART.c: 31:     switch(baud_rate){
   477  00013C  D009               	goto	l963
   478  00013E                     l955:
   479                           
   480                           ;USART.c: 33:             SPBRG1 = 155;
   481  00013E  0E9B               	movlw	155
   482  000140  6EAF               	movwf	4015,c	;volatile
   483                           
   484                           ;USART.c: 34:             break;
   485  000142  0012               	return	
   486  000144                     l957:
   487                           
   488                           ;USART.c: 36:             SPBRG1 = 51;
   489  000144  0E33               	movlw	51
   490  000146  6EAF               	movwf	4015,c	;volatile
   491                           
   492                           ;USART.c: 37:             break;
   493  000148  0012               	return	
   494  00014A                     l959:
   495                           
   496                           ;USART.c: 39:             SPBRG1 = 25;
   497  00014A  0E19               	movlw	25
   498  00014C  6EAF               	movwf	4015,c	;volatile
   499                           
   500                           ;USART.c: 40:             break;
   501  00014E  0012               	return	
   502  000150                     l963:
   503  000150  5047               	movf	Initialize_Baud_Rate@baud_rate,w,c
   504  000152  6E45               	movwf	??_Initialize_Baud_Rate& (0+255),c
   505  000154  6A46               	clrf	(??_Initialize_Baud_Rate+1)& (0+255),c
   506                           
   507                           ; Switch on 2 bytes has been partitioned into a top level switch of size 1, and 1 sub-sw
      +                          itches
   508                           ; Switch size 1, requested type "simple"
   509                           ; Number of cases is 1, Range of values is 0 to 0
   510                           ; switch strategies available:
   511                           ; Name         Instructions Cycles
   512                           ; simple_byte            4     3 (average)
   513                           ;	Chosen strategy is simple_byte
   514  000156  5046               	movf	??_Initialize_Baud_Rate+1,w,c
   515  000158  0A00               	xorlw	0	; case 0
   516  00015A  A4D8               	btfss	status,2,c
   517  00015C  0012               	return	
   518                           
   519                           ; Switch size 1, requested type "simple"
   520                           ; Number of cases is 3, Range of values is 1 to 3
   521                           ; switch strategies available:
   522                           ; Name         Instructions Cycles
   523                           ; simple_byte           10     6 (average)
   524                           ;	Chosen strategy is simple_byte
   525  00015E  5045               	movf	??_Initialize_Baud_Rate,w,c
   526  000160  0A01               	xorlw	1	; case 1
   527  000162  B4D8               	btfsc	status,2,c
   528  000164  D7EC               	goto	l955
   529  000166  0A03               	xorlw	3	; case 2
   530  000168  B4D8               	btfsc	status,2,c
   531  00016A  D7EC               	goto	l957
   532  00016C  0A01               	xorlw	1	; case 3
   533  00016E  A4D8               	btfss	status,2,c
   534  000170  0012               	return	
   535  000172  D7EB               	goto	l959
   536  000174                     __end_of_Initialize_Baud_Rate:
   537                           	opt callstack 0
   538                           
   539 ;; *************** function _I2C_Init *****************
   540 ;; Defined at:
   541 ;;		line 4 in file "I2C.c"
   542 ;; Parameters:    Size  Location     Type
   543 ;;		None
   544 ;; Auto vars:     Size  Location     Type
   545 ;;		None
   546 ;; Return value:  Size  Location     Type
   547 ;;                  1    wreg      void 
   548 ;; Registers used:
   549 ;;		wreg, status,2
   550 ;; Tracked objects:
   551 ;;		On entry : 0/0
   552 ;;		On exit  : 0/0
   553 ;;		Unchanged: 0/0
   554 ;; Data sizes:     COMRAM   BANK0   BANK1   BANK2   BANK3   BANK4   BANK5   BANK6   BANK7
   555 ;;      Params:         0       0       0       0       0       0       0       0       0
   556 ;;      Locals:         0       0       0       0       0       0       0       0       0
   557 ;;      Temps:          0       0       0       0       0       0       0       0       0
   558 ;;      Totals:         0       0       0       0       0       0       0       0       0
   559 ;;Total ram usage:        0 bytes
   560 ;; Hardware stack levels used:    1
   561 ;; Hardware stack levels required when called:    5
   562 ;; This function calls:
   563 ;;		Nothing
   564 ;; This function is called by:
   565 ;;		_main
   566 ;; This function uses a non-reentrant model
   567 ;;
   568                           
   569                           	psect	text4
   570  000220                     __ptext4:
   571                           	opt callstack 0
   572  000220                     _I2C_Init:
   573                           	opt callstack 25
   574                           
   575                           ;I2C.c: 6:     ANSELBbits.ANSB0 = 0;
   576                           
   577                           ;incstack = 0
   578  000220  010F               	movlb	15	; () banked
   579  000222  915C               	bcf	92,0,b	;volatile
   580                           
   581                           ;I2C.c: 7:     ANSELBbits.ANSB1 = 0;
   582  000224  935C               	bcf	92,1,b	;volatile
   583                           
   584                           ;I2C.c: 8:     TRISBbits.RB0 = 1;
   585  000226  8093               	bsf	3987,0,c	;volatile
   586                           
   587                           ;I2C.c: 9:     TRISBbits.RB1 = 1;
   588  000228  8293               	bsf	3987,1,c	;volatile
   589                           
   590                           ;I2C.c: 11:     PMD1bits.MSSPMD = 0;
   591  00022A  9C7F               	bcf	3967,6,c	;volatile
   592                           
   593                           ;I2C.c: 14:     IPR1bits.SSPIP = 0;
   594  00022C  969F               	bcf	3999,3,c	;volatile
   595                           
   596                           ;I2C.c: 15:     IPR2bits.BCLIP = 0;
   597  00022E  96A2               	bcf	4002,3,c	;volatile
   598                           
   599                           ;I2C.c: 16:     PIE1bits.SSPIE = 1;
   600  000230  869D               	bsf	3997,3,c	;volatile
   601                           
   602                           ;I2C.c: 17:     PIE2bits.BCLIE = 1;
   603  000232  86A0               	bsf	4000,3,c	;volatile
   604                           
   605                           ;I2C.c: 18:     PIR1bits.SSPIF = 0;
   606  000234  969E               	bcf	3998,3,c	;volatile
   607                           
   608                           ;I2C.c: 19:     PIR2bits.BCLIF = 0;
   609  000236  96A1               	bcf	4001,3,c	;volatile
   610                           
   611                           ; BSR set to: 15
   612                           ;I2C.c: 22:     SSP1ADD = ((48000000/(4*100000))-1);
   613  000238  0E77               	movlw	119
   614  00023A  6EC8               	movwf	4040,c	;volatile
   615                           
   616                           ;I2C.c: 23:     SSP1CON2 = 0x00;
   617  00023C  0E00               	movlw	0
   618  00023E  6EC5               	movwf	4037,c	;volatile
   619                           
   620                           ;I2C.c: 24:     SSP1CON3 = 0x64;
   621  000240  0E64               	movlw	100
   622  000242  6ECB               	movwf	4043,c	;volatile
   623                           
   624                           ;I2C.c: 25:     SSP1STAT = 0x80;
   625  000244  0E80               	movlw	128
   626  000246  6EC7               	movwf	4039,c	;volatile
   627                           
   628                           ;I2C.c: 26:     SSP1CON1 = 0x28;
   629  000248  0E28               	movlw	40
   630  00024A  6EC6               	movwf	4038,c	;volatile
   631                           
   632                           ; BSR set to: 15
   633  00024C  0012               	return		;funcret
   634  00024E                     __end_of_I2C_Init:
   635                           	opt callstack 0
   636                           
   637 ;; *************** function _low_isr *****************
   638 ;; Defined at:
   639 ;;		line 49 in file "main.c"
   640 ;; Parameters:    Size  Location     Type
   641 ;;		None
   642 ;; Auto vars:     Size  Location     Type
   643 ;;		None
   644 ;; Return value:  Size  Location     Type
   645 ;;                  1    wreg      void 
   646 ;; Registers used:
   647 ;;		wreg, fsr1l, fsr1h, fsr2l, fsr2h, status,2, status,0, cstack
   648 ;; Tracked objects:
   649 ;;		On entry : 0/0
   650 ;;		On exit  : 0/0
   651 ;;		Unchanged: 0/0
   652 ;; Data sizes:     COMRAM   BANK0   BANK1   BANK2   BANK3   BANK4   BANK5   BANK6   BANK7
   653 ;;      Params:         0       0       0       0       0       0       0       0       0
   654 ;;      Locals:         0       0       0       0       0       0       0       0       0
   655 ;;      Temps:          8       0       0       0       0       0       0       0       0
   656 ;;      Totals:         8       0       0       0       0       0       0       0       0
   657 ;;Total ram usage:        8 bytes
   658 ;; Hardware stack levels used:    1
   659 ;; Hardware stack levels required when called:    4
   660 ;; This function calls:
   661 ;;		_I2C_buffer_move_queue
   662 ;; This function is called by:
   663 ;;		Interrupt level 1
   664 ;; This function uses a non-reentrant model
   665 ;;
   666                           
   667                           	psect	intcodelo
   668  000018                     __pintcodelo:
   669                           	opt callstack 0
   670  000018                     _low_isr:
   671                           	opt callstack 24
   672                           
   673                           ; BSR set to: 15
   674                           ;incstack = 0
   675  000018  804A               	bsf	btemp,0,c	;set compiler interrupt flag (level 1)
   676  00001A  CFD8 F03E          	movff	status,??_low_isr+1
   677  00001E  CFE8 F03F          	movff	wreg,??_low_isr+2
   678  000022  CFE0 F040          	movff	bsr,??_low_isr+3
   679  000026  CFE1 F041          	movff	fsr1l,??_low_isr+4
   680  00002A  CFE2 F042          	movff	fsr1h,??_low_isr+5
   681  00002E  CFD9 F043          	movff	fsr2l,??_low_isr+6
   682  000032  CFDA F044          	movff	fsr2h,??_low_isr+7
   683                           
   684                           ;main.c: 51:     if(PIR1bits.ADIF){
   685  000036  AC9E               	btfss	3998,6,c	;volatile
   686  000038  D003               	goto	i1l1105
   687                           
   688                           ;main.c: 52:         ADC_ready = TRUE;
   689  00003A  0E01               	movlw	1
   690  00003C  6E31               	movwf	_ADC_ready,c
   691                           
   692                           ;main.c: 53:         PIR1bits.ADIF = 0;
   693  00003E  9C9E               	bcf	3998,6,c	;volatile
   694  000040                     i1l1105:
   695                           
   696                           ;main.c: 56:     if(PIR1bits.SSPIF){
   697  000040  A69E               	btfss	3998,3,c	;volatile
   698  000042  D035               	goto	i1l1149
   699                           
   700                           ;main.c: 57:         if(SSPSTATbits.S && !SSP1CON2bits.SEN){
   701  000044  B6C7               	btfsc	4039,3,c	;volatile
   702  000046  B0C5               	btfsc	4037,0,c	;volatile
   703  000048  D02C               	goto	i1l104
   704                           
   705                           ;main.c: 59:             if(I2C_STATUS == 0){
   706  00004A  5032               	movf	_I2C_STATUS,w,c
   707  00004C  A4D8               	btfss	status,2,c
   708  00004E  D016               	goto	i1l1129
   709                           
   710                           ;main.c: 60:                 if(!SSPCON1bits.WCOL && !SSPSTATbits.BF && (!SSP1STATbits.R
      +                          _nW || !(SSP1CON2 & 0x1F))){
   711  000050  AEC6               	btfss	4038,7,c	;volatile
   712  000052  B0C7               	btfsc	4039,0,c	;volatile
   713  000054  D011               	goto	i1l1127
   714  000056  A4C7               	btfss	4039,2,c	;volatile
   715  000058  D006               	goto	i1u20_20
   716  00005A  CFC5 F03D          	movff	4037,??_low_isr	;volatile
   717  00005E  0E1F               	movlw	31
   718  000060  163D               	andwf	??_low_isr,f,c
   719  000062  A4D8               	btfss	status,2,c
   720  000064  D009               	goto	i1l1127
   721  000066                     i1u20_20:
   722                           
   723                           ;main.c: 61:                     SSPBUF = I2C_tx_buffer[0];
   724  000066  C021  FFC9         	movff	_I2C_tx_buffer,4041	;volatile
   725                           
   726                           ;main.c: 62:                     I2C_buffer_move_queue();
   727  00006A  ECD9  F000         	call	_I2C_buffer_move_queue	;wreg free
   728                           
   729                           ;main.c: 63:                     I2C_tx_counter --;
   730  00006E  062B               	decf	_I2C_tx_counter,f,c
   731  000070  A0D8               	btfss	status,0,c
   732  000072  062C               	decf	_I2C_tx_counter+1,f,c
   733                           
   734                           ;main.c: 64:                     I2C_STATUS = 1;
   735  000074  0E01               	movlw	1
   736  000076  D019               	goto	L1
   737  000078                     i1l1127:
   738                           
   739                           ;main.c: 66:                     I2C_STATUS = 3;
   740  000078  0E03               	movlw	3
   741  00007A  D017               	goto	L1
   742  00007C                     i1l1129:
   743  00007C  0432               	decf	_I2C_STATUS,w,c
   744  00007E  A4D8               	btfss	status,2,c
   745  000080  D015               	goto	i1l1147
   746                           
   747                           ;main.c: 70:                 if(!SSPCON2bits.ACKSTAT){
   748  000082  BCC5               	btfsc	4037,6,c	;volatile
   749  000084  D7F9               	goto	i1l1127
   750                           
   751                           ;main.c: 71:                     if(!I2C_tx_counter){
   752  000086  502B               	movf	_I2C_tx_counter,w,c
   753  000088  102C               	iorwf	_I2C_tx_counter+1,w,c
   754  00008A  A4D8               	btfss	status,2,c
   755  00008C  D002               	goto	i1l113
   756                           
   757                           ;main.c: 72:                         SSPCON2bits.PEN = 1;
   758  00008E  84C5               	bsf	4037,2,c	;volatile
   759                           
   760                           ;main.c: 73:                     }else{
   761  000090  D00D               	goto	i1l1147
   762  000092                     i1l113:
   763                           
   764                           ;main.c: 74:                         SSPBUF = I2C_tx_buffer[0];
   765  000092  C021  FFC9         	movff	_I2C_tx_buffer,4041	;volatile
   766                           
   767                           ;main.c: 75:                         I2C_buffer_move_queue();
   768  000096  ECD9  F000         	call	_I2C_buffer_move_queue	;wreg free
   769                           
   770                           ;main.c: 76:                         I2C_tx_counter --;
   771  00009A  062B               	decf	_I2C_tx_counter,f,c
   772  00009C  A0D8               	btfss	status,0,c
   773  00009E  062C               	decf	_I2C_tx_counter+1,f,c
   774  0000A0  D005               	goto	i1l1147
   775  0000A2                     i1l104:
   776  0000A2  B8C7               	btfsc	4039,4,c	;volatile
   777  0000A4  B4C5               	btfsc	4037,2,c	;volatile
   778  0000A6  D002               	goto	i1l1147
   779                           
   780                           ;main.c: 83:             I2C_STATUS = 2;
   781  0000A8  0E02               	movlw	2
   782  0000AA                     L1:
   783  0000AA  6E32               	movwf	_I2C_STATUS,c
   784  0000AC                     i1l1147:
   785                           
   786                           ;main.c: 85:         PIR1bits.SSPIF = 0;
   787  0000AC  969E               	bcf	3998,3,c	;volatile
   788  0000AE                     i1l1149:
   789                           
   790                           ;main.c: 89:     if(INTCONbits.TMR0IF){
   791  0000AE  B4F2               	btfsc	4082,2,c	;volatile
   792                           
   793                           ;main.c: 91:         INTCONbits.TMR0IF = 0;
   794  0000B0  94F2               	bcf	4082,2,c	;volatile
   795  0000B2  C044  FFDA         	movff	??_low_isr+7,fsr2h
   796  0000B6  C043  FFD9         	movff	??_low_isr+6,fsr2l
   797  0000BA  C042  FFE2         	movff	??_low_isr+5,fsr1h
   798  0000BE  C041  FFE1         	movff	??_low_isr+4,fsr1l
   799  0000C2  C040  FFE0         	movff	??_low_isr+3,bsr
   800  0000C6  C03F  FFE8         	movff	??_low_isr+2,wreg
   801  0000CA  C03E  FFD8         	movff	??_low_isr+1,status
   802  0000CE  904A               	bcf	btemp,0,c	;clear compiler interrupt flag (level 1)
   803  0000D0  0010               	retfie	
   804  0000D2                     __end_of_low_isr:
   805                           	opt callstack 0
   806                           
   807 ;; *************** function _I2C_buffer_move_queue *****************
   808 ;; Defined at:
   809 ;;		line 40 in file "I2C.c"
   810 ;; Parameters:    Size  Location     Type
   811 ;;		None
   812 ;; Auto vars:     Size  Location     Type
   813 ;;  i               2    7[COMRAM] int 
   814 ;; Return value:  Size  Location     Type
   815 ;;                  1    wreg      void 
   816 ;; Registers used:
   817 ;;		wreg, fsr1l, fsr1h, fsr2l, fsr2h, status,2, status,0
   818 ;; Tracked objects:
   819 ;;		On entry : 0/0
   820 ;;		On exit  : 0/0
   821 ;;		Unchanged: 0/0
   822 ;; Data sizes:     COMRAM   BANK0   BANK1   BANK2   BANK3   BANK4   BANK5   BANK6   BANK7
   823 ;;      Params:         0       0       0       0       0       0       0       0       0
   824 ;;      Locals:         2       0       0       0       0       0       0       0       0
   825 ;;      Temps:          0       0       0       0       0       0       0       0       0
   826 ;;      Totals:         2       0       0       0       0       0       0       0       0
   827 ;;Total ram usage:        2 bytes
   828 ;; Hardware stack levels used:    1
   829 ;; Hardware stack levels required when called:    3
   830 ;; This function calls:
   831 ;;		Nothing
   832 ;; This function is called by:
   833 ;;		_low_isr
   834 ;; This function uses a non-reentrant model
   835 ;;
   836                           
   837                           	psect	text6
   838  0001B2                     __ptext6:
   839                           	opt callstack 0
   840  0001B2                     _I2C_buffer_move_queue:
   841                           	opt callstack 24
   842                           
   843                           ;I2C.c: 41:     int i;;I2C.c: 42:     for(i=0;i<(5 -1);i++){
   844                           
   845                           ;incstack = 0
   846  0001B2  0E00               	movlw	0
   847  0001B4  6E3C               	movwf	I2C_buffer_move_queue@i+1,c
   848  0001B6  0E00               	movlw	0
   849  0001B8  6E3B               	movwf	I2C_buffer_move_queue@i,c
   850  0001BA                     i1l1009:
   851                           
   852                           ;I2C.c: 43:         I2C_tx_buffer[i] = I2C_tx_buffer[i+1];
   853  0001BA  0E22               	movlw	low (_I2C_tx_buffer+1)
   854  0001BC  243B               	addwf	I2C_buffer_move_queue@i,w,c
   855  0001BE  6ED9               	movwf	fsr2l,c
   856  0001C0  0E00               	movlw	high (_I2C_tx_buffer+1)
   857  0001C2  203C               	addwfc	I2C_buffer_move_queue@i+1,w,c
   858  0001C4  6EDA               	movwf	fsr2h,c
   859  0001C6  0E21               	movlw	low _I2C_tx_buffer
   860  0001C8  243B               	addwf	I2C_buffer_move_queue@i,w,c
   861  0001CA  6EE1               	movwf	fsr1l,c
   862  0001CC  0E00               	movlw	high _I2C_tx_buffer
   863  0001CE  203C               	addwfc	I2C_buffer_move_queue@i+1,w,c
   864  0001D0  6EE2               	movwf	fsr1h,c
   865  0001D2  CFDF FFE7          	movff	indf2,indf1
   866                           
   867                           ;I2C.c: 44:     }
   868  0001D6  4A3B               	infsnz	I2C_buffer_move_queue@i,f,c
   869  0001D8  2A3C               	incf	I2C_buffer_move_queue@i+1,f,c
   870  0001DA  BE3C               	btfsc	I2C_buffer_move_queue@i+1,7,c
   871  0001DC  D7EE               	goto	i1l1009
   872  0001DE  503C               	movf	I2C_buffer_move_queue@i+1,w,c
   873  0001E0  E105               	bnz	i1u1_20
   874  0001E2  0E04               	movlw	4
   875  0001E4  5C3B               	subwf	I2C_buffer_move_queue@i,w,c
   876  0001E6  B0D8               	btfsc	status,0,c
   877  0001E8  0012               	return	
   878  0001EA  D7E7               	goto	i1l1009
   879  0001EC                     i1u1_20:
   880  0001EC  0012               	return		;funcret
   881  0001EE                     __end_of_I2C_buffer_move_queue:
   882                           	opt callstack 0
   883                           
   884 ;; *************** function _high_isr *****************
   885 ;; Defined at:
   886 ;;		line 24 in file "main.c"
   887 ;; Parameters:    Size  Location     Type
   888 ;;		None
   889 ;; Auto vars:     Size  Location     Type
   890 ;;		None
   891 ;; Return value:  Size  Location     Type
   892 ;;                  1    wreg      void 
   893 ;; Registers used:
   894 ;;		wreg, fsr2l, fsr2h, status,2, status,0, cstack
   895 ;; Tracked objects:
   896 ;;		On entry : 0/0
   897 ;;		On exit  : 0/0
   898 ;;		Unchanged: 0/0
   899 ;; Data sizes:     COMRAM   BANK0   BANK1   BANK2   BANK3   BANK4   BANK5   BANK6   BANK7
   900 ;;      Params:         0       0       0       0       0       0       0       0       0
   901 ;;      Locals:         0       0       0       0       0       0       0       0       0
   902 ;;      Temps:          2       0       0       0       0       0       0       0       0
   903 ;;      Totals:         2       0       0       0       0       0       0       0       0
   904 ;;Total ram usage:        2 bytes
   905 ;; Hardware stack levels used:    1
   906 ;; Hardware stack levels required when called:    2
   907 ;; This function calls:
   908 ;;		i2_USART_Init
   909 ;; This function is called by:
   910 ;;		Interrupt level 2
   911 ;; This function uses a non-reentrant model
   912 ;;
   913                           
   914                           	psect	intcode
   915  000008                     __pintcode:
   916                           	opt callstack 0
   917  000008                     _high_isr:
   918                           	opt callstack 24
   919                           
   920                           ;incstack = 0
   921  000008  824A               	bsf	btemp,1,c	;set compiler interrupt flag (level 2)
   922  00000A  EF6B  F000         	goto	int_func
   923                           
   924                           	psect	intcode_body
   925  0000D6                     __pintcode_body:
   926                           	opt callstack 24
   927  0000D6                     int_func:
   928                           	opt callstack 24
   929  0000D6  CFD9 F039          	movff	fsr2l,??_high_isr
   930  0000DA  CFDA F03A          	movff	fsr2h,??_high_isr+1
   931                           
   932                           ;main.c: 26:     if(PIE1bits.TXIE && PIR1bits.TXIF && TXSTA1bits.TRMT){
   933  0000DE  B89D               	btfsc	3997,4,c	;volatile
   934  0000E0  A89E               	btfss	3998,4,c	;volatile
   935  0000E2  D005               	goto	i2l91
   936  0000E4  A2AC               	btfss	4012,1,c	;volatile
   937  0000E6  D003               	goto	i2l91
   938                           
   939                           ;main.c: 27:         TXREG1 = tx_byte;
   940  0000E8  C033  FFAD         	movff	_tx_byte,4013	;volatile
   941                           
   942                           ;main.c: 28:         PIE1bits.TXIE = 0;
   943  0000EC  989D               	bcf	3997,4,c	;volatile
   944  0000EE                     i2l91:
   945                           
   946                           ;main.c: 31:     if(PIR1bits.RCIF){
   947  0000EE  AA9E               	btfss	3998,5,c	;volatile
   948  0000F0  D01C               	goto	i2l97
   949                           
   950                           ;main.c: 32:         if(!RCSTA1bits.FERR){
   951  0000F2  B4AB               	btfsc	4011,2,c	;volatile
   952  0000F4  D018               	goto	i2l93
   953                           
   954                           ;main.c: 33:             if(RCSTA1bits.OERR)
   955  0000F6  B2AB               	btfsc	4011,1,c	;volatile
   956                           
   957                           ;main.c: 34:                 RCSTA1bits.OERR = 0;
   958  0000F8  92AB               	bcf	4011,1,c	;volatile
   959                           
   960                           ;main.c: 35:             rx_buffer[rx_counter] = RCREG1;
   961  0000FA  0E01               	movlw	low _rx_buffer
   962  0000FC  242F               	addwf	_rx_counter,w,c
   963  0000FE  6ED9               	movwf	fsr2l,c
   964  000100  0E00               	movlw	high _rx_buffer
   965  000102  2030               	addwfc	_rx_counter+1,w,c
   966  000104  6EDA               	movwf	fsr2h,c
   967  000106  CFAE FFDF          	movff	4014,indf2	;volatile
   968                           
   969                           ;main.c: 36:             rx_counter ++;
   970  00010A  4A2F               	infsnz	_rx_counter,f,c
   971  00010C  2A30               	incf	_rx_counter+1,f,c
   972                           
   973                           ;main.c: 37:             if(rx_counter == (32 +1)){
   974  00010E  0E21               	movlw	33
   975  000110  182F               	xorwf	_rx_counter,w,c
   976  000112  1030               	iorwf	_rx_counter+1,w,c
   977  000114  A4D8               	btfss	status,2,c
   978  000116  D009               	goto	i2l97
   979  000118                     i2u49_40:
   980                           
   981                           ;main.c: 39:                 USART_Init(3);
   982  000118  0E00               	movlw	0
   983  00011A  6E38               	movwf	i2USART_Init@baud_rate+1,c
   984  00011C  0E03               	movlw	3
   985  00011E  6E37               	movwf	i2USART_Init@baud_rate,c
   986  000120  EC3D  F001         	call	i2_USART_Init	;wreg free
   987  000124  D002               	goto	i2l97
   988  000126                     i2l93:
   989                           
   990                           ;main.c: 42:             RCSTA1bits.SPEN = 0;
   991  000126  9EAB               	bcf	4011,7,c	;volatile
   992  000128  D7F7               	goto	i2u49_40
   993  00012A                     i2l97:
   994  00012A  C03A  FFDA         	movff	??_high_isr+1,fsr2h
   995  00012E  C039  FFD9         	movff	??_high_isr,fsr2l
   996  000132  924A               	bcf	btemp,1,c	;clear compiler interrupt flag (level 2)
   997  000134  0011               	retfie		f
   998  000136                     __end_of_high_isr:
   999                           	opt callstack 0
  1000                           
  1001 ;; *************** function i2_USART_Init *****************
  1002 ;; Defined at:
  1003 ;;		line 5 in file "USART.c"
  1004 ;; Parameters:    Size  Location     Type
  1005 ;;  baud_rate       2    3[COMRAM] int 
  1006 ;; Auto vars:     Size  Location     Type
  1007 ;;		None
  1008 ;; Return value:  Size  Location     Type
  1009 ;;                  1    wreg      void 
  1010 ;; Registers used:
  1011 ;;		wreg, status,2, status,0, cstack
  1012 ;; Tracked objects:
  1013 ;;		On entry : 0/0
  1014 ;;		On exit  : 0/0
  1015 ;;		Unchanged: 0/0
  1016 ;; Data sizes:     COMRAM   BANK0   BANK1   BANK2   BANK3   BANK4   BANK5   BANK6   BANK7
  1017 ;;      Params:         2       0       0       0       0       0       0       0       0
  1018 ;;      Locals:         0       0       0       0       0       0       0       0       0
  1019 ;;      Temps:          0       0       0       0       0       0       0       0       0
  1020 ;;      Totals:         2       0       0       0       0       0       0       0       0
  1021 ;;Total ram usage:        2 bytes
  1022 ;; Hardware stack levels used:    1
  1023 ;; Hardware stack levels required when called:    1
  1024 ;; This function calls:
  1025 ;;		i2_Initialize_Baud_Rate
  1026 ;; This function is called by:
  1027 ;;		_high_isr
  1028 ;; This function uses a non-reentrant model
  1029 ;;
  1030                           
  1031                           	psect	text8
  1032  00027A                     __ptext8:
  1033                           	opt callstack 0
  1034  00027A                     i2_USART_Init:
  1035                           	opt callstack 24
  1036                           
  1037                           ;USART.c: 7:     TRISCbits.RC6 = 1;
  1038                           
  1039                           ;incstack = 0
  1040  00027A  8C94               	bsf	3988,6,c	;volatile
  1041                           
  1042                           ;USART.c: 8:     TRISCbits.RC7 = 1;
  1043  00027C  8E94               	bsf	3988,7,c	;volatile
  1044                           
  1045                           ;USART.c: 9:     ANSELCbits.ANSC6 = 0;
  1046  00027E  010F               	movlb	15	; () banked
  1047  000280  9D5D               	bcf	93,6,b	;volatile
  1048                           
  1049                           ;USART.c: 10:     ANSELCbits.ANSC7 = 0;
  1050  000282  9F5D               	bcf	93,7,b	;volatile
  1051                           
  1052                           ; BSR set to: 15
  1053                           ;USART.c: 12:     rx_counter = 0;
  1054  000284  0E00               	movlw	0
  1055  000286  6E30               	movwf	_rx_counter+1,c
  1056  000288  0E00               	movlw	0
  1057  00028A  6E2F               	movwf	_rx_counter,c
  1058                           
  1059                           ; BSR set to: 15
  1060                           ;USART.c: 14:     PMD0bits.UARTMD = 0;
  1061  00028C  9C7E               	bcf	3966,6,c	;volatile
  1062                           
  1063                           ;USART.c: 15:     TXSTA1 = 0x24;
  1064  00028E  0E24               	movlw	36
  1065  000290  6EAC               	movwf	4012,c	;volatile
  1066                           
  1067                           ; BSR set to: 15
  1068                           ;USART.c: 16:     Initialize_Baud_Rate(baud_rate);
  1069  000292  5037               	movf	i2USART_Init@baud_rate,w,c
  1070  000294  ECBA  F000         	call	i2_Initialize_Baud_Rate
  1071                           
  1072                           ;USART.c: 17:     RCSTA1 = 0x90;
  1073  000298  0E90               	movlw	144
  1074  00029A  6EAB               	movwf	4011,c	;volatile
  1075                           
  1076                           ;USART.c: 20:     IPR1bits.TXIP = 1;
  1077  00029C  889F               	bsf	3999,4,c	;volatile
  1078                           
  1079                           ;USART.c: 21:     IPR1bits.RCIP = 1;
  1080  00029E  8A9F               	bsf	3999,5,c	;volatile
  1081                           
  1082                           ;USART.c: 22:     PIE1bits.RCIE = 1;
  1083  0002A0  8A9D               	bsf	3997,5,c	;volatile
  1084                           
  1085                           ;USART.c: 23:     PIE1bits.TXIE = 0;
  1086  0002A2  989D               	bcf	3997,4,c	;volatile
  1087  0002A4  0012               	return		;funcret
  1088  0002A6                     __end_ofi2_USART_Init:
  1089                           	opt callstack 0
  1090                           
  1091 ;; *************** function i2_Initialize_Baud_Rate *****************
  1092 ;; Defined at:
  1093 ;;		line 27 in file "USART.c"
  1094 ;; Parameters:    Size  Location     Type
  1095 ;;  baud_rate       1    wreg     unsigned char 
  1096 ;; Auto vars:     Size  Location     Type
  1097 ;;  baud_rate       1    2[COMRAM] unsigned char 
  1098 ;; Return value:  Size  Location     Type
  1099 ;;                  2    0[None  ] int 
  1100 ;; Registers used:
  1101 ;;		wreg, status,2, status,0
  1102 ;; Tracked objects:
  1103 ;;		On entry : 0/0
  1104 ;;		On exit  : 0/0
  1105 ;;		Unchanged: 0/0
  1106 ;; Data sizes:     COMRAM   BANK0   BANK1   BANK2   BANK3   BANK4   BANK5   BANK6   BANK7
  1107 ;;      Params:         0       0       0       0       0       0       0       0       0
  1108 ;;      Locals:         1       0       0       0       0       0       0       0       0
  1109 ;;      Temps:          2       0       0       0       0       0       0       0       0
  1110 ;;      Totals:         3       0       0       0       0       0       0       0       0
  1111 ;;Total ram usage:        3 bytes
  1112 ;; Hardware stack levels used:    1
  1113 ;; This function calls:
  1114 ;;		Nothing
  1115 ;; This function is called by:
  1116 ;;		i2_USART_Init
  1117 ;; This function uses a non-reentrant model
  1118 ;;
  1119                           
  1120                           	psect	text9
  1121  000174                     __ptext9:
  1122                           	opt callstack 0
  1123  000174                     i2_Initialize_Baud_Rate:
  1124                           	opt callstack 24
  1125                           
  1126                           ;incstack = 0
  1127                           ;i2Initialize_Baud_Rate@baud_rate stored from wreg
  1128  000174  6E36               	movwf	i2Initialize_Baud_Rate@baud_rate,c
  1129                           
  1130                           ;USART.c: 29:     BAUDCON1 = 0x00;
  1131  000176  0E00               	movlw	0
  1132  000178  6EB8               	movwf	4024,c	;volatile
  1133                           
  1134                           ;USART.c: 31:     switch(baud_rate){
  1135  00017A  D009               	goto	i2l1291
  1136  00017C                     i2l1283:
  1137                           
  1138                           ;USART.c: 33:             SPBRG1 = 155;
  1139  00017C  0E9B               	movlw	155
  1140  00017E  6EAF               	movwf	4015,c	;volatile
  1141                           
  1142                           ;USART.c: 34:             break;
  1143  000180  0012               	return	
  1144  000182                     i2l1285:
  1145                           
  1146                           ;USART.c: 36:             SPBRG1 = 51;
  1147  000182  0E33               	movlw	51
  1148  000184  6EAF               	movwf	4015,c	;volatile
  1149                           
  1150                           ;USART.c: 37:             break;
  1151  000186  0012               	return	
  1152  000188                     i2l1287:
  1153                           
  1154                           ;USART.c: 39:             SPBRG1 = 25;
  1155  000188  0E19               	movlw	25
  1156  00018A  6EAF               	movwf	4015,c	;volatile
  1157                           
  1158                           ;USART.c: 40:             break;
  1159  00018C  0012               	return	
  1160  00018E                     i2l1291:
  1161  00018E  5036               	movf	i2Initialize_Baud_Rate@baud_rate,w,c
  1162  000190  6E34               	movwf	??i2_Initialize_Baud_Rate& (0+255),c
  1163  000192  6A35               	clrf	(??i2_Initialize_Baud_Rate+1)& (0+255),c
  1164                           
  1165                           ; Switch on 2 bytes has been partitioned into a top level switch of size 1, and 1 sub-sw
      +                          itches
  1166                           ; Switch size 1, requested type "simple"
  1167                           ; Number of cases is 1, Range of values is 0 to 0
  1168                           ; switch strategies available:
  1169                           ; Name         Instructions Cycles
  1170                           ; simple_byte            4     3 (average)
  1171                           ;	Chosen strategy is simple_byte
  1172  000194  5035               	movf	??i2_Initialize_Baud_Rate+1,w,c
  1173  000196  0A00               	xorlw	0	; case 0
  1174  000198  A4D8               	btfss	status,2,c
  1175  00019A  0012               	return	
  1176                           
  1177                           ; Switch size 1, requested type "simple"
  1178                           ; Number of cases is 3, Range of values is 1 to 3
  1179                           ; switch strategies available:
  1180                           ; Name         Instructions Cycles
  1181                           ; simple_byte           10     6 (average)
  1182                           ;	Chosen strategy is simple_byte
  1183  00019C  5034               	movf	??i2_Initialize_Baud_Rate,w,c
  1184  00019E  0A01               	xorlw	1	; case 1
  1185  0001A0  B4D8               	btfsc	status,2,c
  1186  0001A2  D7EC               	goto	i2l1283
  1187  0001A4  0A03               	xorlw	3	; case 2
  1188  0001A6  B4D8               	btfsc	status,2,c
  1189  0001A8  D7EC               	goto	i2l1285
  1190  0001AA  0A01               	xorlw	1	; case 3
  1191  0001AC  A4D8               	btfss	status,2,c
  1192  0001AE  0012               	return	
  1193  0001B0  D7EB               	goto	i2l1287
  1194  0001B2                     __end_ofi2_Initialize_Baud_Rate:
  1195                           	opt callstack 0
  1196  0000                     
  1197                           	psect	rparam
  1198  0000                     
  1199                           	psect	temp
  1200  00004A                     btemp:
  1201                           	opt callstack 0
  1202  00004A                     	ds	1
  1203  0000                     int$flags	set	btemp
  1204  0000                     wtemp8	set	btemp+1
  1205  0000                     ttemp5	set	btemp+1
  1206  0000                     ttemp6	set	btemp+4
  1207  0000                     ttemp7	set	btemp+8
  1208                           tosu	equ	0xFFF
  1209                           tosh	equ	0xFFE
  1210                           tosl	equ	0xFFD
  1211                           stkptr	equ	0xFFC
  1212                           pclatu	equ	0xFFB
  1213                           pclath	equ	0xFFA
  1214                           pcl	equ	0xFF9
  1215                           tblptru	equ	0xFF8
  1216                           tblptrh	equ	0xFF7
  1217                           tblptrl	equ	0xFF6
  1218                           tablat	equ	0xFF5
  1219                           prodh	equ	0xFF4
  1220                           prodl	equ	0xFF3
  1221                           indf0	equ	0xFEF
  1222                           postinc0	equ	0xFEE
  1223                           postdec0	equ	0xFED
  1224                           preinc0	equ	0xFEC
  1225                           plusw0	equ	0xFEB
  1226                           fsr0h	equ	0xFEA
  1227                           fsr0l	equ	0xFE9
  1228                           wreg	equ	0xFE8
  1229                           indf1	equ	0xFE7
  1230                           postinc1	equ	0xFE6
  1231                           postdec1	equ	0xFE5
  1232                           preinc1	equ	0xFE4
  1233                           plusw1	equ	0xFE3
  1234                           fsr1h	equ	0xFE2
  1235                           fsr1l	equ	0xFE1
  1236                           bsr	equ	0xFE0
  1237                           indf2	equ	0xFDF
  1238                           postinc2	equ	0xFDE
  1239                           postdec2	equ	0xFDD
  1240                           preinc2	equ	0xFDC
  1241                           plusw2	equ	0xFDB
  1242                           fsr2h	equ	0xFDA
  1243                           fsr2l	equ	0xFD9
  1244                           status	equ	0xFD8


Data Sizes:
    Strings     0
    Constant    0
    Data        0
    BSS         51
    Persistent  0
    Stack       0

Auto Spaces:
    Space          Size  Autos    Used
    COMRAM           94     22      73
    BANK0           160      0       0
    BANK1           256      0       0
    BANK2           256      0       0
    BANK3           256      0       0
    BANK4           256      0       0
    BANK5           256      0       0
    BANK6           256      0       0
    BANK7           256      0       0

Pointer List with Targets:

    None.

Critical Paths under _main in COMRAM

    _main->_USART_Init
    _USART_Init->_Initialize_Baud_Rate

Critical Paths under _low_isr in COMRAM

    _low_isr->_I2C_buffer_move_queue

Critical Paths under _high_isr in COMRAM

    _high_isr->i2_USART_Init
    i2_USART_Init->i2_Initialize_Baud_Rate

Critical Paths under _main in BANK0

    None.

Critical Paths under _low_isr in BANK0

    None.

Critical Paths under _high_isr in BANK0

    None.

Critical Paths under _main in BANK1

    None.

Critical Paths under _low_isr in BANK1

    None.

Critical Paths under _high_isr in BANK1

    None.

Critical Paths under _main in BANK2

    None.

Critical Paths under _low_isr in BANK2

    None.

Critical Paths under _high_isr in BANK2

    None.

Critical Paths under _main in BANK3

    None.

Critical Paths under _low_isr in BANK3

    None.

Critical Paths under _high_isr in BANK3

    None.

Critical Paths under _main in BANK4

    None.

Critical Paths under _low_isr in BANK4

    None.

Critical Paths under _high_isr in BANK4

    None.

Critical Paths under _main in BANK5

    None.

Critical Paths under _low_isr in BANK5

    None.

Critical Paths under _high_isr in BANK5

    None.

Critical Paths under _main in BANK6

    None.

Critical Paths under _low_isr in BANK6

    None.

Critical Paths under _high_isr in BANK6

    None.

Critical Paths under _main in BANK7

    None.

Critical Paths under _low_isr in BANK7

    None.

Critical Paths under _high_isr in BANK7

    None.

Call Graph Tables:

 ---------------------------------------------------------------------------------
 (Depth) Function   	        Calls       Base Space   Used Autos Params    Refs
 ---------------------------------------------------------------------------------
 (0) _main                                                 0     0      0     213
                           _I2C_Init
                         _USART_Init
                        _timer0_init
 ---------------------------------------------------------------------------------
 (1) _timer0_init                                          0     0      0       0
 ---------------------------------------------------------------------------------
 (1) _USART_Init                                           2     0      2     213
                                             20 COMRAM     2     0      2
               _Initialize_Baud_Rate
 ---------------------------------------------------------------------------------
 (2) _Initialize_Baud_Rate                                 3     3      0      15
                                             17 COMRAM     3     3      0
 ---------------------------------------------------------------------------------
 (1) _I2C_Init                                             0     0      0       0
 ---------------------------------------------------------------------------------
 Estimated maximum stack depth 2
 ---------------------------------------------------------------------------------
 (Depth) Function   	        Calls       Base Space   Used Autos Params    Refs
 ---------------------------------------------------------------------------------
 (3) _low_isr                                              8     8      0      60
                                              9 COMRAM     8     8      0
              _I2C_buffer_move_queue
 ---------------------------------------------------------------------------------
 (4) _I2C_buffer_move_queue                                2     2      0      60
                                              7 COMRAM     2     2      0
 ---------------------------------------------------------------------------------
 Estimated maximum stack depth 4
 ---------------------------------------------------------------------------------
 (Depth) Function   	        Calls       Base Space   Used Autos Params    Refs
 ---------------------------------------------------------------------------------
 (5) _high_isr                                             2     2      0      96
                                              5 COMRAM     2     2      0
                       i2_USART_Init
 ---------------------------------------------------------------------------------
 (6) i2_USART_Init                                         2     0      2      96
                                              3 COMRAM     2     0      2
             i2_Initialize_Baud_Rate
 ---------------------------------------------------------------------------------
 (7) i2_Initialize_Baud_Rate                               3     3      0      22
                                              0 COMRAM     3     3      0
 ---------------------------------------------------------------------------------
 Estimated maximum stack depth 7
 ---------------------------------------------------------------------------------

 Call Graph Graphs:

 _main (ROOT)
   _I2C_Init
   _USART_Init
     _Initialize_Baud_Rate
   _timer0_init

 _low_isr (ROOT)
   _I2C_buffer_move_queue

 _high_isr (ROOT)
   i2_USART_Init
     i2_Initialize_Baud_Rate

 Address spaces:
Name               Size   Autos  Total    Cost      Usage
BIGRAM             7FF      0       0      21        0.0%
EEDATA             100      0       0       0        0.0%
BITBANK7           100      0       0      19        0.0%
BANK7              100      0       0      20        0.0%
BITBANK6           100      0       0      17        0.0%
BANK6              100      0       0      18        0.0%
BITBANK5           100      0       0      15        0.0%
BANK5              100      0       0      16        0.0%
BITBANK4           100      0       0      13        0.0%
BANK4              100      0       0      14        0.0%
BITBANK3           100      0       0      11        0.0%
BANK3              100      0       0      12        0.0%
BITBANK2           100      0       0       9        0.0%
BANK2              100      0       0      10        0.0%
BITBANK1           100      0       0       7        0.0%
BANK1              100      0       0       8        0.0%
BITBANK0            A0      0       0       4        0.0%
BANK0               A0      0       0       5        0.0%
BITCOMRAM           5E      0       0       0        0.0%
COMRAM              5E     16      49       1       77.7%
BITSFR_1             0      0       0     200        0.0%
SFR_1                0      0       0     200        0.0%
BITSFR               0      0       0     200        0.0%
SFR                  0      0       0     200        0.0%
STACK                0      0       0       2        0.0%
NULL                 0      0       0       0        0.0%
ABS                  0      0      49       6        0.0%
DATA                 0      0      49       3        0.0%
CODE                 0      0       0       0        0.0%


Microchip Technology PIC18 Macro Assembler V2.05 build -831301201 
Symbol Table                                                                                   Sun Mar 17 23:35:23 2019

                    _SSPSTATbits 000FC7                               bsr 000FE0  
                   __CFG_CP0$OFF 000000                     __CFG_CP1$OFF 000000  
                   __CFG_CP2$OFF 000000                     __CFG_CP3$OFF 000000  
                            l124 01FA                              l129 021E  
                            l955 013E                              l963 0150  
                            l957 0144                              l959 014A  
                   __CFG_CPB$OFF 000000                              u520 0204  
                   __CFG_CPD$OFF 000000    __size_of_Initialize_Baud_Rate 003E  
                            wreg 000FE8                       _TXSTA1bits 000FAC  
                   __CFG_LVP$OFF 000000                             i2l91 00EE  
                           i2l93 0126                             i2l97 012A  
                  __CFG_FCMEN$ON 000000                             _main 01EE  
               __end_of_I2C_Init 024E                             fsr1h 000FE2  
                           fsr2h 000FDA                             indf1 000FE7  
                           indf2 000FDF                             fsr1l 000FE1  
                           fsr2l 000FD9                             btemp 004A  
                  __CFG_BORV$285 000000                             start 00D2  
                  __CFG_IESO$OFF 000000                    __CFG_MCLRE$ON 000000  
                   ___param_bank 000000                            ?_main 0034  
                          i1l104 00A2                            i1l113 0092  
         i2_Initialize_Baud_Rate 0174                    __CFG_WRT0$OFF 000000  
                  __CFG_WRT1$OFF 000000                    __CFG_WRT2$OFF 000000  
                  __CFG_WRT3$OFF 000000                   __CFG_EBTR0$OFF 000000  
                 __CFG_EBTR1$OFF 000000                   __CFG_EBTR2$OFF 000000  
                 __CFG_EBTR3$OFF 000000                    __CFG_WRTB$OFF 000000  
                  __CFG_WRTC$OFF 000000                    __CFG_WRTD$OFF 000000  
                 __CFG_EBTRB$OFF 000000                  __end_of_low_isr 00D2  
                          ttemp5 004B                            ttemp6 004E  
                          ttemp7 0052                            status 000FD8  
                 __CFG_T3CMX$RC0 000000                            wtemp8 004B  
                 __CFG_ICPRT$OFF 000000                      ?_USART_Init 0048  
 __size_of_I2C_buffer_move_queue 003C                  __initialization 02A6  
  __end_of_I2C_buffer_move_queue 01EE                     __end_of_main 0220  
                 __CFG_PCLKEN$ON 000000                           ??_main 004A  
                  __activetblptr 000002                   __CFG_SDOMX$RB3 000000  
                __CFG_CCP2MX$RC1 000000                           _ADCON0 000FC2  
                         _ADCON1 000FC1                           _ADCON2 000FC0  
                         _ADRESH 000FC4                           _ADRESL 000FC3  
                         i1l1009 01BA                           i1l1105 0040  
                         i1l1127 0078                           i1l1129 007C  
                         i1l1147 00AC                           i1l1149 00AE  
                         i2l1283 017C                           i2l1291 018E  
                         i2l1285 0182                           i2l1287 0188  
                 __CFG_WDTEN$OFF 000000                           _RCREG1 000FAE  
                         _RCSTA1 000FAB                           _OSCCON 000FD3  
                         _SPBRG1 000FAF                           i1u1_20 01EC  
                 __CFG_WDTPS$256 000000                           _SSPBUF 000FC9  
                         _TXREG1 000FAD           I2C_buffer_move_queue@i 003B  
                         _TXSTA1 000FAC                   __CFG_XINST$OFF 000000  
               __end_of_high_isr 0136                   __CFG_STVREN$ON 000000  
                   ?_timer0_init 0034                           clear_0 02AC  
                      ?_I2C_Init 0034                        ??_low_isr 003D  
                         tblptru 000FF8              __size_of_USART_Init 002C  
           __CFG_LS48MHZ$SYS48X8 000000                       __accesstop 0060  
        __end_of__initialization 02B2                  __CFG_PBADEN$OFF 000000  
                  ___rparam_used 000001                   __pcstackCOMRAM 0034  
               __CFG_nPWRTEN$OFF 000000                       ??_I2C_Init 0045  
          i2USART_Init@baud_rate 0037     __end_of_Initialize_Baud_Rate 0174  
  Initialize_Baud_Rate@baud_rate 0047  i2Initialize_Baud_Rate@baud_rate 0036  
                  ?i2_USART_Init 0037                __CFG_PLLSEL$PLL3X 000000  
        ?i2_Initialize_Baud_Rate 0034                          _OSCCON2 000FD2  
                        i1u20_20 0066                          _OSCTUNE 000F9B  
                        i2u49_40 0118                          _SSP1ADD 000FC8  
                      ?_high_isr 0034                 __CFG_CFGPLLEN$ON 000000  
                  _I2C_rx_buffer 0026                   ??i2_USART_Init 0039  
                  _I2C_tx_buffer 0021                     ??_USART_Init 004A  
                        __Hparam 0000                          __Lparam 0000  
                      _ADC_ready 0031   __end_ofi2_Initialize_Baud_Rate 01B2  
                        __pcinit 02A6                          __ramtop 0800  
           __size_of_timer0_init 0004                          __ptext0 01EE  
                        __ptext1 02C0                          __ptext2 024E  
                        __ptext3 0136                          __ptext4 0220  
                        __ptext6 01B2                          __ptext8 027A  
                        __ptext9 0174                          _low_isr 0018  
             __end_of_USART_Init 027A                          _tx_byte 0033  
                     ??_high_isr 0039                   __pintcode_body 00D6  
           end_of_initialization 02B2                    __Lmediumconst 0000  
                        int_func 00D6                          postinc0 000FEE  
          _I2C_buffer_move_queue 01B2             _Initialize_Baud_Rate 0136  
                      _TRISAbits 000F92                        _TRISBbits 000F93  
                      _TRISCbits 000F94                __size_of_I2C_Init 002E  
                     _rx_counter 002F              USART_Init@baud_rate 0048  
          ?_Initialize_Baud_Rate 0034              start_initialization 02A6  
           __end_ofi2_USART_Init 02A6                  __CFG_nLPBOR$OFF 000000  
         ?_I2C_buffer_move_queue 0034                      __pbssCOMRAM 0001  
              __size_of_high_isr 012E                        __pintcode 0008  
                    __pintcodelo 0018           ??_Initialize_Baud_Rate 0045  
                       _BAUDCON1 000FB8                         _I2C_Init 0220  
                       ?_low_isr 0034                         _IPR1bits 000F9F  
                       _IPR2bits 000FA2                         _PIE1bits 000F9D  
                       _PIE2bits 000FA0                         _PMD0bits 000F7E  
                       _PMD1bits 000F7F                         _PIR1bits 000F9E  
                       _PIR2bits 000FA1                         _RCONbits 000FD0  
                       _SSP1CON1 000FC6                         _SSP1CON2 000FC5  
                       _SSP1CON3 000FCB                    ??_timer0_init 0045  
                       _SSP1STAT 000FC7            __size_ofi2_USART_Init 002C  
                      _rx_buffer 0001                       _ADCON0bits 000FC2  
                     _I2C_STATUS 0032                   _I2C_rx_counter 002D  
                 _I2C_tx_counter 002B                         __Hrparam 0000  
                   i2_USART_Init 027A                         __Lrparam 0000  
             __CFG_BOREN$SBORDIS 000000                       _ANSELAbits 000F5B  
                     _ANSELBbits 000F5C                       _ANSELCbits 000F5D  
            __end_of_timer0_init 02C4                 __size_of_low_isr 00BA  
                   _SSP1CON2bits 000FC5                         _high_isr 0008  
                    _OSCCON2bits 000FD2                    __size_of_main 0032  
       ??i2_Initialize_Baud_Rate 0034          ??_I2C_buffer_move_queue 003B  
                       int$flags 004A                     _SSP1STATbits 000FC7  
                     _INTCONbits 000FF2                         intlevel1 0000  
                       intlevel2 0000                       _RCSTA1bits 000FAB  
                     _OSCCONbits 000FD3             __CFG_CPUDIV$NOCLKDIV 000000  
                    _timer0_init 02C0                      _SSPCON1bits 000FC6  
                    _SSPCON2bits 000FC5               __CFG_FOSC$INTOSCIO 000000  
__size_ofi2_Initialize_Baud_Rate 003E                       _USART_Init 024E  
